<testsuites id="" name="" tests="336" failures="334" skipped="0" errors="0" time="205.25962100000004">
<testsuite name="accessibility.spec.ts" timestamp="2025-11-02T17:37:24.527Z" hostname="Desktop Chrome" tests="10" failures="10" skipped="0" time="0.186" errors="0">
<testcase name="Accessibility › should not have accessibility violations on auth page" classname="accessibility.spec.ts" time="0.009">
<failure message="accessibility.spec.ts:5:3 should not have accessibility violations on auth page" type="FAILURE">
<![CDATA[  [Desktop Chrome] › accessibility.spec.ts:5:3 › Accessibility › should not have accessibility violations on auth page 

    Error: browserType.launch: Executable doesn't exist at C:\Users\tomto\AppData\Local\ms-playwright\chromium_headless_shell-1194\chrome-win\headless_shell.exe
    ╔═════════════════════════════════════════════════════════════════════════╗
    ║ Looks like Playwright Test or Playwright was just installed or updated. ║
    ║ Please run the following command to download new browsers:              ║
    ║                                                                         ║
    ║     npx playwright install                                              ║
    ║                                                                         ║
    ║ <3 Playwright Team                                                      ║
    ╚═════════════════════════════════════════════════════════════════════════╝

    attachment #1: trace (application/zip) ─────────────────────────────────────────────────────────
    ..\..\test-results\accessibility-Accessibilit-30974-ity-violations-on-auth-page-Desktop-Chrome\trace.zip
    Usage:

        npx playwright show-trace ..\..\test-results\accessibility-Accessibilit-30974-ity-violations-on-auth-page-Desktop-Chrome\trace.zip

    ────────────────────────────────────────────────────────────────────────────────────────────────
]]>
</failure>
<system-out>
<![CDATA[
[[ATTACHMENT|accessibility-Accessibilit-30974-ity-violations-on-auth-page-Desktop-Chrome\trace.zip]]
]]>
</system-out>
</testcase>
<testcase name="Accessibility › should not have accessibility violations on dashboard" classname="accessibility.spec.ts" time="0.032">
<failure message="accessibility.spec.ts:15:3 should not have accessibility violations on dashboard" type="FAILURE">
<![CDATA[  [Desktop Chrome] › accessibility.spec.ts:15:3 › Accessibility › should not have accessibility violations on dashboard 

    Error: browserType.launch: Executable doesn't exist at C:\Users\tomto\AppData\Local\ms-playwright\chromium_headless_shell-1194\chrome-win\headless_shell.exe
    ╔═════════════════════════════════════════════════════════════════════════╗
    ║ Looks like Playwright Test or Playwright was just installed or updated. ║
    ║ Please run the following command to download new browsers:              ║
    ║                                                                         ║
    ║     npx playwright install                                              ║
    ║                                                                         ║
    ║ <3 Playwright Team                                                      ║
    ╚═════════════════════════════════════════════════════════════════════════╝

    attachment #1: trace (application/zip) ─────────────────────────────────────────────────────────
    ..\..\test-results\accessibility-Accessibilit-12387-ity-violations-on-dashboard-Desktop-Chrome\trace.zip
    Usage:

        npx playwright show-trace ..\..\test-results\accessibility-Accessibilit-12387-ity-violations-on-dashboard-Desktop-Chrome\trace.zip

    ────────────────────────────────────────────────────────────────────────────────────────────────
]]>
</failure>
<system-out>
<![CDATA[
[[ATTACHMENT|accessibility-Accessibilit-12387-ity-violations-on-dashboard-Desktop-Chrome\trace.zip]]
]]>
</system-out>
</testcase>
<testcase name="Accessibility › should have proper heading hierarchy" classname="accessibility.spec.ts" time="0.013">
<failure message="accessibility.spec.ts:33:3 should have proper heading hierarchy" type="FAILURE">
<![CDATA[  [Desktop Chrome] › accessibility.spec.ts:33:3 › Accessibility › should have proper heading hierarchy 

    Error: browserType.launch: Executable doesn't exist at C:\Users\tomto\AppData\Local\ms-playwright\chromium_headless_shell-1194\chrome-win\headless_shell.exe
    ╔═════════════════════════════════════════════════════════════════════════╗
    ║ Looks like Playwright Test or Playwright was just installed or updated. ║
    ║ Please run the following command to download new browsers:              ║
    ║                                                                         ║
    ║     npx playwright install                                              ║
    ║                                                                         ║
    ║ <3 Playwright Team                                                      ║
    ╚═════════════════════════════════════════════════════════════════════════╝

    attachment #1: trace (application/zip) ─────────────────────────────────────────────────────────
    ..\..\test-results\accessibility-Accessibilit-2480b-ve-proper-heading-hierarchy-Desktop-Chrome\trace.zip
    Usage:

        npx playwright show-trace ..\..\test-results\accessibility-Accessibilit-2480b-ve-proper-heading-hierarchy-Desktop-Chrome\trace.zip

    ────────────────────────────────────────────────────────────────────────────────────────────────
]]>
</failure>
<system-out>
<![CDATA[
[[ATTACHMENT|accessibility-Accessibilit-2480b-ve-proper-heading-hierarchy-Desktop-Chrome\trace.zip]]
]]>
</system-out>
</testcase>
<testcase name="Accessibility › all images should have alt text" classname="accessibility.spec.ts" time="0.012">
<failure message="accessibility.spec.ts:54:3 all images should have alt text" type="FAILURE">
<![CDATA[  [Desktop Chrome] › accessibility.spec.ts:54:3 › Accessibility › all images should have alt text ──

    Error: browserType.launch: Executable doesn't exist at C:\Users\tomto\AppData\Local\ms-playwright\chromium_headless_shell-1194\chrome-win\headless_shell.exe
    ╔═════════════════════════════════════════════════════════════════════════╗
    ║ Looks like Playwright Test or Playwright was just installed or updated. ║
    ║ Please run the following command to download new browsers:              ║
    ║                                                                         ║
    ║     npx playwright install                                              ║
    ║                                                                         ║
    ║ <3 Playwright Team                                                      ║
    ╚═════════════════════════════════════════════════════════════════════════╝

    attachment #1: trace (application/zip) ─────────────────────────────────────────────────────────
    ..\..\test-results\accessibility-Accessibility-all-images-should-have-alt-text-Desktop-Chrome\trace.zip
    Usage:

        npx playwright show-trace ..\..\test-results\accessibility-Accessibility-all-images-should-have-alt-text-Desktop-Chrome\trace.zip

    ────────────────────────────────────────────────────────────────────────────────────────────────
]]>
</failure>
<system-out>
<![CDATA[
[[ATTACHMENT|accessibility-Accessibility-all-images-should-have-alt-text-Desktop-Chrome\trace.zip]]
]]>
</system-out>
</testcase>
<testcase name="Accessibility › all buttons should have accessible names" classname="accessibility.spec.ts" time="0.016">
<failure message="accessibility.spec.ts:66:3 all buttons should have accessible names" type="FAILURE">
<![CDATA[  [Desktop Chrome] › accessibility.spec.ts:66:3 › Accessibility › all buttons should have accessible names 

    Error: browserType.launch: Executable doesn't exist at C:\Users\tomto\AppData\Local\ms-playwright\chromium_headless_shell-1194\chrome-win\headless_shell.exe
    ╔═════════════════════════════════════════════════════════════════════════╗
    ║ Looks like Playwright Test or Playwright was just installed or updated. ║
    ║ Please run the following command to download new browsers:              ║
    ║                                                                         ║
    ║     npx playwright install                                              ║
    ║                                                                         ║
    ║ <3 Playwright Team                                                      ║
    ╚═════════════════════════════════════════════════════════════════════════╝

    attachment #1: trace (application/zip) ─────────────────────────────────────────────────────────
    ..\..\test-results\accessibility-Accessibilit-c9276-hould-have-accessible-names-Desktop-Chrome\trace.zip
    Usage:

        npx playwright show-trace ..\..\test-results\accessibility-Accessibilit-c9276-hould-have-accessible-names-Desktop-Chrome\trace.zip

    ────────────────────────────────────────────────────────────────────────────────────────────────
]]>
</failure>
<system-out>
<![CDATA[
[[ATTACHMENT|accessibility-Accessibilit-c9276-hould-have-accessible-names-Desktop-Chrome\trace.zip]]
]]>
</system-out>
</testcase>
<testcase name="Accessibility › focus indicators should be visible" classname="accessibility.spec.ts" time="0.033">
<failure message="accessibility.spec.ts:80:3 focus indicators should be visible" type="FAILURE">
<![CDATA[  [Desktop Chrome] › accessibility.spec.ts:80:3 › Accessibility › focus indicators should be visible 

    Error: browserType.launch: Executable doesn't exist at C:\Users\tomto\AppData\Local\ms-playwright\chromium_headless_shell-1194\chrome-win\headless_shell.exe
    ╔═════════════════════════════════════════════════════════════════════════╗
    ║ Looks like Playwright Test or Playwright was just installed or updated. ║
    ║ Please run the following command to download new browsers:              ║
    ║                                                                         ║
    ║     npx playwright install                                              ║
    ║                                                                         ║
    ║ <3 Playwright Team                                                      ║
    ╚═════════════════════════════════════════════════════════════════════════╝

    attachment #1: trace (application/zip) ─────────────────────────────────────────────────────────
    ..\..\test-results\accessibility-Accessibilit-0565f-ndicators-should-be-visible-Desktop-Chrome\trace.zip
    Usage:

        npx playwright show-trace ..\..\test-results\accessibility-Accessibilit-0565f-ndicators-should-be-visible-Desktop-Chrome\trace.zip

    ────────────────────────────────────────────────────────────────────────────────────────────────
]]>
</failure>
<system-out>
<![CDATA[
[[ATTACHMENT|accessibility-Accessibilit-0565f-ndicators-should-be-visible-Desktop-Chrome\trace.zip]]
]]>
</system-out>
</testcase>
<testcase name="Accessibility › dialog should trap focus" classname="accessibility.spec.ts" time="0.021">
<failure message="accessibility.spec.ts:94:3 dialog should trap focus" type="FAILURE">
<![CDATA[  [Desktop Chrome] › accessibility.spec.ts:94:3 › Accessibility › dialog should trap focus ─────────

    Error: browserType.launch: Executable doesn't exist at C:\Users\tomto\AppData\Local\ms-playwright\chromium_headless_shell-1194\chrome-win\headless_shell.exe
    ╔═════════════════════════════════════════════════════════════════════════╗
    ║ Looks like Playwright Test or Playwright was just installed or updated. ║
    ║ Please run the following command to download new browsers:              ║
    ║                                                                         ║
    ║     npx playwright install                                              ║
    ║                                                                         ║
    ║ <3 Playwright Team                                                      ║
    ╚═════════════════════════════════════════════════════════════════════════╝

    attachment #1: trace (application/zip) ─────────────────────────────────────────────────────────
    ..\..\test-results\accessibility-Accessibility-dialog-should-trap-focus-Desktop-Chrome\trace.zip
    Usage:

        npx playwright show-trace ..\..\test-results\accessibility-Accessibility-dialog-should-trap-focus-Desktop-Chrome\trace.zip

    ────────────────────────────────────────────────────────────────────────────────────────────────
]]>
</failure>
<system-out>
<![CDATA[
[[ATTACHMENT|accessibility-Accessibility-dialog-should-trap-focus-Desktop-Chrome\trace.zip]]
]]>
</system-out>
</testcase>
<testcase name="Accessibility › should support keyboard navigation" classname="accessibility.spec.ts" time="0.012">
<failure message="accessibility.spec.ts:124:3 should support keyboard navigation" type="FAILURE">
<![CDATA[  [Desktop Chrome] › accessibility.spec.ts:124:3 › Accessibility › should support keyboard navigation 

    Error: browserType.launch: Executable doesn't exist at C:\Users\tomto\AppData\Local\ms-playwright\chromium_headless_shell-1194\chrome-win\headless_shell.exe
    ╔═════════════════════════════════════════════════════════════════════════╗
    ║ Looks like Playwright Test or Playwright was just installed or updated. ║
    ║ Please run the following command to download new browsers:              ║
    ║                                                                         ║
    ║     npx playwright install                                              ║
    ║                                                                         ║
    ║ <3 Playwright Team                                                      ║
    ╚═════════════════════════════════════════════════════════════════════════╝

    attachment #1: trace (application/zip) ─────────────────────────────────────────────────────────
    ..\..\test-results\accessibility-Accessibilit-575e3-support-keyboard-navigation-Desktop-Chrome\trace.zip
    Usage:

        npx playwright show-trace ..\..\test-results\accessibility-Accessibilit-575e3-support-keyboard-navigation-Desktop-Chrome\trace.zip

    ────────────────────────────────────────────────────────────────────────────────────────────────
]]>
</failure>
<system-out>
<![CDATA[
[[ATTACHMENT|accessibility-Accessibilit-575e3-support-keyboard-navigation-Desktop-Chrome\trace.zip]]
]]>
</system-out>
</testcase>
<testcase name="Accessibility › should have minimum tap target sizes on mobile" classname="accessibility.spec.ts" time="0.022">
<failure message="accessibility.spec.ts:148:3 should have minimum tap target sizes on mobile" type="FAILURE">
<![CDATA[  [Desktop Chrome] › accessibility.spec.ts:148:3 › Accessibility › should have minimum tap target sizes on mobile 

    Error: browserType.launch: Executable doesn't exist at C:\Users\tomto\AppData\Local\ms-playwright\chromium_headless_shell-1194\chrome-win\headless_shell.exe
    ╔═════════════════════════════════════════════════════════════════════════╗
    ║ Looks like Playwright Test or Playwright was just installed or updated. ║
    ║ Please run the following command to download new browsers:              ║
    ║                                                                         ║
    ║     npx playwright install                                              ║
    ║                                                                         ║
    ║ <3 Playwright Team                                                      ║
    ╚═════════════════════════════════════════════════════════════════════════╝

    attachment #1: trace (application/zip) ─────────────────────────────────────────────────────────
    ..\..\test-results\accessibility-Accessibilit-8d9d8--tap-target-sizes-on-mobile-Desktop-Chrome\trace.zip
    Usage:

        npx playwright show-trace ..\..\test-results\accessibility-Accessibilit-8d9d8--tap-target-sizes-on-mobile-Desktop-Chrome\trace.zip

    ────────────────────────────────────────────────────────────────────────────────────────────────
]]>
</failure>
<system-out>
<![CDATA[
[[ATTACHMENT|accessibility-Accessibilit-8d9d8--tap-target-sizes-on-mobile-Desktop-Chrome\trace.zip]]
]]>
</system-out>
</testcase>
<testcase name="Accessibility › should have adequate color contrast" classname="accessibility.spec.ts" time="0.016">
<failure message="accessibility.spec.ts:164:3 should have adequate color contrast" type="FAILURE">
<![CDATA[  [Desktop Chrome] › accessibility.spec.ts:164:3 › Accessibility › should have adequate color contrast 

    Error: browserType.launch: Executable doesn't exist at C:\Users\tomto\AppData\Local\ms-playwright\chromium_headless_shell-1194\chrome-win\headless_shell.exe
    ╔═════════════════════════════════════════════════════════════════════════╗
    ║ Looks like Playwright Test or Playwright was just installed or updated. ║
    ║ Please run the following command to download new browsers:              ║
    ║                                                                         ║
    ║     npx playwright install                                              ║
    ║                                                                         ║
    ║ <3 Playwright Team                                                      ║
    ╚═════════════════════════════════════════════════════════════════════════╝

    attachment #1: trace (application/zip) ─────────────────────────────────────────────────────────
    ..\..\test-results\accessibility-Accessibilit-0da61-ave-adequate-color-contrast-Desktop-Chrome\trace.zip
    Usage:

        npx playwright show-trace ..\..\test-results\accessibility-Accessibilit-0da61-ave-adequate-color-contrast-Desktop-Chrome\trace.zip

    ────────────────────────────────────────────────────────────────────────────────────────────────
]]>
</failure>
<system-out>
<![CDATA[
[[ATTACHMENT|accessibility-Accessibilit-0da61-ave-adequate-color-contrast-Desktop-Chrome\trace.zip]]
]]>
</system-out>
</testcase>
</testsuite>
<testsuite name="appointments.spec.ts" timestamp="2025-11-02T17:37:24.527Z" hostname="Desktop Chrome" tests="8" failures="8" skipped="0" time="0.34" errors="0">
<testcase name="Appointments Management › should display appointments list" classname="appointments.spec.ts" time="0.05">
<failure message="appointments.spec.ts:18:3 should display appointments list" type="FAILURE">
<![CDATA[  [Desktop Chrome] › appointments.spec.ts:18:3 › Appointments Management › should display appointments list 

    Error: browserType.launch: Executable doesn't exist at C:\Users\tomto\AppData\Local\ms-playwright\chromium_headless_shell-1194\chrome-win\headless_shell.exe
    ╔═════════════════════════════════════════════════════════════════════════╗
    ║ Looks like Playwright Test or Playwright was just installed or updated. ║
    ║ Please run the following command to download new browsers:              ║
    ║                                                                         ║
    ║     npx playwright install                                              ║
    ║                                                                         ║
    ║ <3 Playwright Team                                                      ║
    ╚═════════════════════════════════════════════════════════════════════════╝

    attachment #1: trace (application/zip) ─────────────────────────────────────────────────────────
    ..\..\test-results\appointments-Appointments--f06d2-d-display-appointments-list-Desktop-Chrome\trace.zip
    Usage:

        npx playwright show-trace ..\..\test-results\appointments-Appointments--f06d2-d-display-appointments-list-Desktop-Chrome\trace.zip

    ────────────────────────────────────────────────────────────────────────────────────────────────
]]>
</failure>
<system-out>
<![CDATA[
[[ATTACHMENT|appointments-Appointments--f06d2-d-display-appointments-list-Desktop-Chrome\trace.zip]]
]]>
</system-out>
</testcase>
<testcase name="Appointments Management › should filter appointments by status" classname="appointments.spec.ts" time="0.024">
<failure message="appointments.spec.ts:27:3 should filter appointments by status" type="FAILURE">
<![CDATA[  [Desktop Chrome] › appointments.spec.ts:27:3 › Appointments Management › should filter appointments by status 

    Error: browserType.launch: Executable doesn't exist at C:\Users\tomto\AppData\Local\ms-playwright\chromium_headless_shell-1194\chrome-win\headless_shell.exe
    ╔═════════════════════════════════════════════════════════════════════════╗
    ║ Looks like Playwright Test or Playwright was just installed or updated. ║
    ║ Please run the following command to download new browsers:              ║
    ║                                                                         ║
    ║     npx playwright install                                              ║
    ║                                                                         ║
    ║ <3 Playwright Team                                                      ║
    ╚═════════════════════════════════════════════════════════════════════════╝

    attachment #1: trace (application/zip) ─────────────────────────────────────────────────────────
    ..\..\test-results\appointments-Appointments--5db5d-lter-appointments-by-status-Desktop-Chrome\trace.zip
    Usage:

        npx playwright show-trace ..\..\test-results\appointments-Appointments--5db5d-lter-appointments-by-status-Desktop-Chrome\trace.zip

    ────────────────────────────────────────────────────────────────────────────────────────────────
]]>
</failure>
<system-out>
<![CDATA[
[[ATTACHMENT|appointments-Appointments--5db5d-lter-appointments-by-status-Desktop-Chrome\trace.zip]]
]]>
</system-out>
</testcase>
<testcase name="Appointments Management › should search appointments by client name" classname="appointments.spec.ts" time="0.027">
<failure message="appointments.spec.ts:43:3 should search appointments by client name" type="FAILURE">
<![CDATA[  [Desktop Chrome] › appointments.spec.ts:43:3 › Appointments Management › should search appointments by client name 

    Error: browserType.launch: Executable doesn't exist at C:\Users\tomto\AppData\Local\ms-playwright\chromium_headless_shell-1194\chrome-win\headless_shell.exe
    ╔═════════════════════════════════════════════════════════════════════════╗
    ║ Looks like Playwright Test or Playwright was just installed or updated. ║
    ║ Please run the following command to download new browsers:              ║
    ║                                                                         ║
    ║     npx playwright install                                              ║
    ║                                                                         ║
    ║ <3 Playwright Team                                                      ║
    ╚═════════════════════════════════════════════════════════════════════════╝

    attachment #1: trace (application/zip) ─────────────────────────────────────────────────────────
    ..\..\test-results\appointments-Appointments--14a94-appointments-by-client-name-Desktop-Chrome\trace.zip
    Usage:

        npx playwright show-trace ..\..\test-results\appointments-Appointments--14a94-appointments-by-client-name-Desktop-Chrome\trace.zip

    ────────────────────────────────────────────────────────────────────────────────────────────────
]]>
</failure>
<system-out>
<![CDATA[
[[ATTACHMENT|appointments-Appointments--14a94-appointments-by-client-name-Desktop-Chrome\trace.zip]]
]]>
</system-out>
</testcase>
<testcase name="Appointments Management › should open appointment details dialog" classname="appointments.spec.ts" time="0.067">
<failure message="appointments.spec.ts:56:3 should open appointment details dialog" type="FAILURE">
<![CDATA[  [Desktop Chrome] › appointments.spec.ts:56:3 › Appointments Management › should open appointment details dialog 

    Error: browserType.launch: Executable doesn't exist at C:\Users\tomto\AppData\Local\ms-playwright\chromium_headless_shell-1194\chrome-win\headless_shell.exe
    ╔═════════════════════════════════════════════════════════════════════════╗
    ║ Looks like Playwright Test or Playwright was just installed or updated. ║
    ║ Please run the following command to download new browsers:              ║
    ║                                                                         ║
    ║     npx playwright install                                              ║
    ║                                                                         ║
    ║ <3 Playwright Team                                                      ║
    ╚═════════════════════════════════════════════════════════════════════════╝

    attachment #1: trace (application/zip) ─────────────────────────────────────────────────────────
    ..\..\test-results\appointments-Appointments--17806--appointment-details-dialog-Desktop-Chrome\trace.zip
    Usage:

        npx playwright show-trace ..\..\test-results\appointments-Appointments--17806--appointment-details-dialog-Desktop-Chrome\trace.zip

    ────────────────────────────────────────────────────────────────────────────────────────────────
]]>
</failure>
<system-out>
<![CDATA[
[[ATTACHMENT|appointments-Appointments--17806--appointment-details-dialog-Desktop-Chrome\trace.zip]]
]]>
</system-out>
</testcase>
<testcase name="Appointments Management › should update appointment status with confirmation" classname="appointments.spec.ts" time="0.03">
<failure message="appointments.spec.ts:67:3 should update appointment status with confirmation" type="FAILURE">
<![CDATA[  [Desktop Chrome] › appointments.spec.ts:67:3 › Appointments Management › should update appointment status with confirmation 

    Error: browserType.launch: Executable doesn't exist at C:\Users\tomto\AppData\Local\ms-playwright\chromium_headless_shell-1194\chrome-win\headless_shell.exe
    ╔═════════════════════════════════════════════════════════════════════════╗
    ║ Looks like Playwright Test or Playwright was just installed or updated. ║
    ║ Please run the following command to download new browsers:              ║
    ║                                                                         ║
    ║     npx playwright install                                              ║
    ║                                                                         ║
    ║ <3 Playwright Team                                                      ║
    ╚═════════════════════════════════════════════════════════════════════════╝

    attachment #1: trace (application/zip) ─────────────────────────────────────────────────────────
    ..\..\test-results\appointments-Appointments--2b229-nt-status-with-confirmation-Desktop-Chrome\trace.zip
    Usage:

        npx playwright show-trace ..\..\test-results\appointments-Appointments--2b229-nt-status-with-confirmation-Desktop-Chrome\trace.zip

    ────────────────────────────────────────────────────────────────────────────────────────────────
]]>
</failure>
<system-out>
<![CDATA[
[[ATTACHMENT|appointments-Appointments--2b229-nt-status-with-confirmation-Desktop-Chrome\trace.zip]]
]]>
</system-out>
</testcase>
<testcase name="Appointments Management › should prevent double-clicking status update" classname="appointments.spec.ts" time="0.066">
<failure message="appointments.spec.ts:90:3 should prevent double-clicking status update" type="FAILURE">
<![CDATA[  [Desktop Chrome] › appointments.spec.ts:90:3 › Appointments Management › should prevent double-clicking status update 

    Error: browserType.launch: Executable doesn't exist at C:\Users\tomto\AppData\Local\ms-playwright\chromium_headless_shell-1194\chrome-win\headless_shell.exe
    ╔═════════════════════════════════════════════════════════════════════════╗
    ║ Looks like Playwright Test or Playwright was just installed or updated. ║
    ║ Please run the following command to download new browsers:              ║
    ║                                                                         ║
    ║     npx playwright install                                              ║
    ║                                                                         ║
    ║ <3 Playwright Team                                                      ║
    ╚═════════════════════════════════════════════════════════════════════════╝

    attachment #1: trace (application/zip) ─────────────────────────────────────────────────────────
    ..\..\test-results\appointments-Appointments--cd0b1-uble-clicking-status-update-Desktop-Chrome\trace.zip
    Usage:

        npx playwright show-trace ..\..\test-results\appointments-Appointments--cd0b1-uble-clicking-status-update-Desktop-Chrome\trace.zip

    ────────────────────────────────────────────────────────────────────────────────────────────────
]]>
</failure>
<system-out>
<![CDATA[
[[ATTACHMENT|appointments-Appointments--cd0b1-uble-clicking-status-update-Desktop-Chrome\trace.zip]]
]]>
</system-out>
</testcase>
<testcase name="Appointments Management › should toggle between list and calendar view" classname="appointments.spec.ts" time="0.029">
<failure message="appointments.spec.ts:123:3 should toggle between list and calendar view" type="FAILURE">
<![CDATA[  [Desktop Chrome] › appointments.spec.ts:123:3 › Appointments Management › should toggle between list and calendar view 

    Error: browserType.launch: Executable doesn't exist at C:\Users\tomto\AppData\Local\ms-playwright\chromium_headless_shell-1194\chrome-win\headless_shell.exe
    ╔═════════════════════════════════════════════════════════════════════════╗
    ║ Looks like Playwright Test or Playwright was just installed or updated. ║
    ║ Please run the following command to download new browsers:              ║
    ║                                                                         ║
    ║     npx playwright install                                              ║
    ║                                                                         ║
    ║ <3 Playwright Team                                                      ║
    ╚═════════════════════════════════════════════════════════════════════════╝

    attachment #1: trace (application/zip) ─────────────────────────────────────────────────────────
    ..\..\test-results\appointments-Appointments--5a6ac-ween-list-and-calendar-view-Desktop-Chrome\trace.zip
    Usage:

        npx playwright show-trace ..\..\test-results\appointments-Appointments--5a6ac-ween-list-and-calendar-view-Desktop-Chrome\trace.zip

    ────────────────────────────────────────────────────────────────────────────────────────────────
]]>
</failure>
<system-out>
<![CDATA[
[[ATTACHMENT|appointments-Appointments--5a6ac-ween-list-and-calendar-view-Desktop-Chrome\trace.zip]]
]]>
</system-out>
</testcase>
<testcase name="Appointments Management › should be keyboard accessible" classname="appointments.spec.ts" time="0.047">
<failure message="appointments.spec.ts:137:3 should be keyboard accessible" type="FAILURE">
<![CDATA[  [Desktop Chrome] › appointments.spec.ts:137:3 › Appointments Management › should be keyboard accessible 

    Error: browserType.launch: Executable doesn't exist at C:\Users\tomto\AppData\Local\ms-playwright\chromium_headless_shell-1194\chrome-win\headless_shell.exe
    ╔═════════════════════════════════════════════════════════════════════════╗
    ║ Looks like Playwright Test or Playwright was just installed or updated. ║
    ║ Please run the following command to download new browsers:              ║
    ║                                                                         ║
    ║     npx playwright install                                              ║
    ║                                                                         ║
    ║ <3 Playwright Team                                                      ║
    ╚═════════════════════════════════════════════════════════════════════════╝

    attachment #1: trace (application/zip) ─────────────────────────────────────────────────────────
    ..\..\test-results\appointments-Appointments--ebddb-ould-be-keyboard-accessible-Desktop-Chrome\trace.zip
    Usage:

        npx playwright show-trace ..\..\test-results\appointments-Appointments--ebddb-ould-be-keyboard-accessible-Desktop-Chrome\trace.zip

    ────────────────────────────────────────────────────────────────────────────────────────────────
]]>
</failure>
<system-out>
<![CDATA[
[[ATTACHMENT|appointments-Appointments--ebddb-ould-be-keyboard-accessible-Desktop-Chrome\trace.zip]]
]]>
</system-out>
</testcase>
</testsuite>
<testsuite name="auth.spec.ts" timestamp="2025-11-02T17:37:24.527Z" hostname="Desktop Chrome" tests="7" failures="7" skipped="0" time="0.189" errors="0">
<testcase name="Authentication › should display sign in form by default" classname="auth.spec.ts" time="0.041">
<failure message="auth.spec.ts:8:3 should display sign in form by default" type="FAILURE">
<![CDATA[  [Desktop Chrome] › auth.spec.ts:8:3 › Authentication › should display sign in form by default ────

    Error: browserType.launch: Executable doesn't exist at C:\Users\tomto\AppData\Local\ms-playwright\chromium_headless_shell-1194\chrome-win\headless_shell.exe
    ╔═════════════════════════════════════════════════════════════════════════╗
    ║ Looks like Playwright Test or Playwright was just installed or updated. ║
    ║ Please run the following command to download new browsers:              ║
    ║                                                                         ║
    ║     npx playwright install                                              ║
    ║                                                                         ║
    ║ <3 Playwright Team                                                      ║
    ╚═════════════════════════════════════════════════════════════════════════╝

    attachment #1: trace (application/zip) ─────────────────────────────────────────────────────────
    ..\..\test-results\auth-Authentication-should-display-sign-in-form-by-default-Desktop-Chrome\trace.zip
    Usage:

        npx playwright show-trace ..\..\test-results\auth-Authentication-should-display-sign-in-form-by-default-Desktop-Chrome\trace.zip

    ────────────────────────────────────────────────────────────────────────────────────────────────
]]>
</failure>
<system-out>
<![CDATA[
[[ATTACHMENT|auth-Authentication-should-display-sign-in-form-by-default-Desktop-Chrome\trace.zip]]
]]>
</system-out>
</testcase>
<testcase name="Authentication › should show validation errors for empty form" classname="auth.spec.ts" time="0.026">
<failure message="auth.spec.ts:15:3 should show validation errors for empty form" type="FAILURE">
<![CDATA[  [Desktop Chrome] › auth.spec.ts:15:3 › Authentication › should show validation errors for empty form 

    Error: browserType.launch: Executable doesn't exist at C:\Users\tomto\AppData\Local\ms-playwright\chromium_headless_shell-1194\chrome-win\headless_shell.exe
    ╔═════════════════════════════════════════════════════════════════════════╗
    ║ Looks like Playwright Test or Playwright was just installed or updated. ║
    ║ Please run the following command to download new browsers:              ║
    ║                                                                         ║
    ║     npx playwright install                                              ║
    ║                                                                         ║
    ║ <3 Playwright Team                                                      ║
    ╚═════════════════════════════════════════════════════════════════════════╝

    attachment #1: trace (application/zip) ─────────────────────────────────────────────────────────
    ..\..\test-results\auth-Authentication-should-da141-ation-errors-for-empty-form-Desktop-Chrome\trace.zip
    Usage:

        npx playwright show-trace ..\..\test-results\auth-Authentication-should-da141-ation-errors-for-empty-form-Desktop-Chrome\trace.zip

    ────────────────────────────────────────────────────────────────────────────────────────────────
]]>
</failure>
<system-out>
<![CDATA[
[[ATTACHMENT|auth-Authentication-should-da141-ation-errors-for-empty-form-Desktop-Chrome\trace.zip]]
]]>
</system-out>
</testcase>
<testcase name="Authentication › should show error for invalid email format" classname="auth.spec.ts" time="0.014">
<failure message="auth.spec.ts:23:3 should show error for invalid email format" type="FAILURE">
<![CDATA[  [Desktop Chrome] › auth.spec.ts:23:3 › Authentication › should show error for invalid email format 

    Error: browserType.launch: Executable doesn't exist at C:\Users\tomto\AppData\Local\ms-playwright\chromium_headless_shell-1194\chrome-win\headless_shell.exe
    ╔═════════════════════════════════════════════════════════════════════════╗
    ║ Looks like Playwright Test or Playwright was just installed or updated. ║
    ║ Please run the following command to download new browsers:              ║
    ║                                                                         ║
    ║     npx playwright install                                              ║
    ║                                                                         ║
    ║ <3 Playwright Team                                                      ║
    ╚═════════════════════════════════════════════════════════════════════════╝

    attachment #1: trace (application/zip) ─────────────────────────────────────────────────────────
    ..\..\test-results\auth-Authentication-should-a5dfc-or-for-invalid-email-format-Desktop-Chrome\trace.zip
    Usage:

        npx playwright show-trace ..\..\test-results\auth-Authentication-should-a5dfc-or-for-invalid-email-format-Desktop-Chrome\trace.zip

    ────────────────────────────────────────────────────────────────────────────────────────────────
]]>
</failure>
<system-out>
<![CDATA[
[[ATTACHMENT|auth-Authentication-should-a5dfc-or-for-invalid-email-format-Desktop-Chrome\trace.zip]]
]]>
</system-out>
</testcase>
<testcase name="Authentication › should toggle to sign up form" classname="auth.spec.ts" time="0.027">
<failure message="auth.spec.ts:31:3 should toggle to sign up form" type="FAILURE">
<![CDATA[  [Desktop Chrome] › auth.spec.ts:31:3 › Authentication › should toggle to sign up form ────────────

    Error: browserType.launch: Executable doesn't exist at C:\Users\tomto\AppData\Local\ms-playwright\chromium_headless_shell-1194\chrome-win\headless_shell.exe
    ╔═════════════════════════════════════════════════════════════════════════╗
    ║ Looks like Playwright Test or Playwright was just installed or updated. ║
    ║ Please run the following command to download new browsers:              ║
    ║                                                                         ║
    ║     npx playwright install                                              ║
    ║                                                                         ║
    ║ <3 Playwright Team                                                      ║
    ╚═════════════════════════════════════════════════════════════════════════╝

    attachment #1: trace (application/zip) ─────────────────────────────────────────────────────────
    ..\..\test-results\auth-Authentication-should-toggle-to-sign-up-form-Desktop-Chrome\trace.zip
    Usage:

        npx playwright show-trace ..\..\test-results\auth-Authentication-should-toggle-to-sign-up-form-Desktop-Chrome\trace.zip

    ────────────────────────────────────────────────────────────────────────────────────────────────
]]>
</failure>
<system-out>
<![CDATA[
[[ATTACHMENT|auth-Authentication-should-toggle-to-sign-up-form-Desktop-Chrome\trace.zip]]
]]>
</system-out>
</testcase>
<testcase name="Authentication › should prevent double submission" classname="auth.spec.ts" time="0.024">
<failure message="auth.spec.ts:42:3 should prevent double submission" type="FAILURE">
<![CDATA[  [Desktop Chrome] › auth.spec.ts:42:3 › Authentication › should prevent double submission ─────────

    Error: browserType.launch: Executable doesn't exist at C:\Users\tomto\AppData\Local\ms-playwright\chromium_headless_shell-1194\chrome-win\headless_shell.exe
    ╔═════════════════════════════════════════════════════════════════════════╗
    ║ Looks like Playwright Test or Playwright was just installed or updated. ║
    ║ Please run the following command to download new browsers:              ║
    ║                                                                         ║
    ║     npx playwright install                                              ║
    ║                                                                         ║
    ║ <3 Playwright Team                                                      ║
    ╚═════════════════════════════════════════════════════════════════════════╝

    attachment #1: trace (application/zip) ─────────────────────────────────────────────────────────
    ..\..\test-results\auth-Authentication-should-prevent-double-submission-Desktop-Chrome\trace.zip
    Usage:

        npx playwright show-trace ..\..\test-results\auth-Authentication-should-prevent-double-submission-Desktop-Chrome\trace.zip

    ────────────────────────────────────────────────────────────────────────────────────────────────
]]>
</failure>
<system-out>
<![CDATA[
[[ATTACHMENT|auth-Authentication-should-prevent-double-submission-Desktop-Chrome\trace.zip]]
]]>
</system-out>
</testcase>
<testcase name="Authentication › should disable button while submitting" classname="auth.spec.ts" time="0.025">
<failure message="auth.spec.ts:69:3 should disable button while submitting" type="FAILURE">
<![CDATA[  [Desktop Chrome] › auth.spec.ts:69:3 › Authentication › should disable button while submitting ───

    Error: browserType.launch: Executable doesn't exist at C:\Users\tomto\AppData\Local\ms-playwright\chromium_headless_shell-1194\chrome-win\headless_shell.exe
    ╔═════════════════════════════════════════════════════════════════════════╗
    ║ Looks like Playwright Test or Playwright was just installed or updated. ║
    ║ Please run the following command to download new browsers:              ║
    ║                                                                         ║
    ║     npx playwright install                                              ║
    ║                                                                         ║
    ║ <3 Playwright Team                                                      ║
    ╚═════════════════════════════════════════════════════════════════════════╝

    attachment #1: trace (application/zip) ─────────────────────────────────────────────────────────
    ..\..\test-results\auth-Authentication-should-disable-button-while-submitting-Desktop-Chrome\trace.zip
    Usage:

        npx playwright show-trace ..\..\test-results\auth-Authentication-should-disable-button-while-submitting-Desktop-Chrome\trace.zip

    ────────────────────────────────────────────────────────────────────────────────────────────────
]]>
</failure>
<system-out>
<![CDATA[
[[ATTACHMENT|auth-Authentication-should-disable-button-while-submitting-Desktop-Chrome\trace.zip]]
]]>
</system-out>
</testcase>
<testcase name="Authentication › should be keyboard accessible" classname="auth.spec.ts" time="0.032">
<failure message="auth.spec.ts:80:3 should be keyboard accessible" type="FAILURE">
<![CDATA[  [Desktop Chrome] › auth.spec.ts:80:3 › Authentication › should be keyboard accessible ────────────

    Error: browserType.launch: Executable doesn't exist at C:\Users\tomto\AppData\Local\ms-playwright\chromium_headless_shell-1194\chrome-win\headless_shell.exe
    ╔═════════════════════════════════════════════════════════════════════════╗
    ║ Looks like Playwright Test or Playwright was just installed or updated. ║
    ║ Please run the following command to download new browsers:              ║
    ║                                                                         ║
    ║     npx playwright install                                              ║
    ║                                                                         ║
    ║ <3 Playwright Team                                                      ║
    ╚═════════════════════════════════════════════════════════════════════════╝

    attachment #1: trace (application/zip) ─────────────────────────────────────────────────────────
    ..\..\test-results\auth-Authentication-should-be-keyboard-accessible-Desktop-Chrome\trace.zip
    Usage:

        npx playwright show-trace ..\..\test-results\auth-Authentication-should-be-keyboard-accessible-Desktop-Chrome\trace.zip

    ────────────────────────────────────────────────────────────────────────────────────────────────
]]>
</failure>
<system-out>
<![CDATA[
[[ATTACHMENT|auth-Authentication-should-be-keyboard-accessible-Desktop-Chrome\trace.zip]]
]]>
</system-out>
</testcase>
</testsuite>
<testsuite name="client-requests.spec.ts" timestamp="2025-11-02T17:37:24.527Z" hostname="Desktop Chrome" tests="9" failures="9" skipped="0" time="0.382" errors="0">
<testcase name="Client Requests › should display create post button" classname="client-requests.spec.ts" time="0.013">
<failure message="client-requests.spec.ts:17:3 should display create post button" type="FAILURE">
<![CDATA[  [Desktop Chrome] › client-requests.spec.ts:17:3 › Client Requests › should display create post button 

    Error: browserType.launch: Executable doesn't exist at C:\Users\tomto\AppData\Local\ms-playwright\chromium_headless_shell-1194\chrome-win\headless_shell.exe
    ╔═════════════════════════════════════════════════════════════════════════╗
    ║ Looks like Playwright Test or Playwright was just installed or updated. ║
    ║ Please run the following command to download new browsers:              ║
    ║                                                                         ║
    ║     npx playwright install                                              ║
    ║                                                                         ║
    ║ <3 Playwright Team                                                      ║
    ╚═════════════════════════════════════════════════════════════════════════╝

    attachment #1: trace (application/zip) ─────────────────────────────────────────────────────────
    ..\..\test-results\client-requests-Client-Req-a2616--display-create-post-button-Desktop-Chrome\trace.zip
    Usage:

        npx playwright show-trace ..\..\test-results\client-requests-Client-Req-a2616--display-create-post-button-Desktop-Chrome\trace.zip

    ────────────────────────────────────────────────────────────────────────────────────────────────
]]>
</failure>
<system-out>
<![CDATA[
[[ATTACHMENT|client-requests-Client-Req-a2616--display-create-post-button-Desktop-Chrome\trace.zip]]
]]>
</system-out>
</testcase>
<testcase name="Client Requests › should open create post dialog" classname="client-requests.spec.ts" time="0.026">
<failure message="client-requests.spec.ts:26:3 should open create post dialog" type="FAILURE">
<![CDATA[  [Desktop Chrome] › client-requests.spec.ts:26:3 › Client Requests › should open create post dialog 

    Error: browserType.launch: Executable doesn't exist at C:\Users\tomto\AppData\Local\ms-playwright\chromium_headless_shell-1194\chrome-win\headless_shell.exe
    ╔═════════════════════════════════════════════════════════════════════════╗
    ║ Looks like Playwright Test or Playwright was just installed or updated. ║
    ║ Please run the following command to download new browsers:              ║
    ║                                                                         ║
    ║     npx playwright install                                              ║
    ║                                                                         ║
    ║ <3 Playwright Team                                                      ║
    ╚═════════════════════════════════════════════════════════════════════════╝

    attachment #1: trace (application/zip) ─────────────────────────────────────────────────────────
    ..\..\test-results\client-requests-Client-Req-081be-uld-open-create-post-dialog-Desktop-Chrome\trace.zip
    Usage:

        npx playwright show-trace ..\..\test-results\client-requests-Client-Req-081be-uld-open-create-post-dialog-Desktop-Chrome\trace.zip

    ────────────────────────────────────────────────────────────────────────────────────────────────
]]>
</failure>
<system-out>
<![CDATA[
[[ATTACHMENT|client-requests-Client-Req-081be-uld-open-create-post-dialog-Desktop-Chrome\trace.zip]]
]]>
</system-out>
</testcase>
<testcase name="Client Requests › should validate required fields" classname="client-requests.spec.ts" time="0.045">
<failure message="client-requests.spec.ts:35:3 should validate required fields" type="FAILURE">
<![CDATA[  [Desktop Chrome] › client-requests.spec.ts:35:3 › Client Requests › should validate required fields 

    Error: browserType.launch: Executable doesn't exist at C:\Users\tomto\AppData\Local\ms-playwright\chromium_headless_shell-1194\chrome-win\headless_shell.exe
    ╔═════════════════════════════════════════════════════════════════════════╗
    ║ Looks like Playwright Test or Playwright was just installed or updated. ║
    ║ Please run the following command to download new browsers:              ║
    ║                                                                         ║
    ║     npx playwright install                                              ║
    ║                                                                         ║
    ║ <3 Playwright Team                                                      ║
    ╚═════════════════════════════════════════════════════════════════════════╝

    attachment #1: trace (application/zip) ─────────────────────────────────────────────────────────
    ..\..\test-results\client-requests-Client-Req-064a1-ld-validate-required-fields-Desktop-Chrome\trace.zip
    Usage:

        npx playwright show-trace ..\..\test-results\client-requests-Client-Req-064a1-ld-validate-required-fields-Desktop-Chrome\trace.zip

    ────────────────────────────────────────────────────────────────────────────────────────────────
]]>
</failure>
<system-out>
<![CDATA[
[[ATTACHMENT|client-requests-Client-Req-064a1-ld-validate-required-fields-Desktop-Chrome\trace.zip]]
]]>
</system-out>
</testcase>
<testcase name="Client Requests › should validate field lengths" classname="client-requests.spec.ts" time="0.068">
<failure message="client-requests.spec.ts:45:3 should validate field lengths" type="FAILURE">
<![CDATA[  [Desktop Chrome] › client-requests.spec.ts:45:3 › Client Requests › should validate field lengths 

    Error: browserType.launch: Executable doesn't exist at C:\Users\tomto\AppData\Local\ms-playwright\chromium_headless_shell-1194\chrome-win\headless_shell.exe
    ╔═════════════════════════════════════════════════════════════════════════╗
    ║ Looks like Playwright Test or Playwright was just installed or updated. ║
    ║ Please run the following command to download new browsers:              ║
    ║                                                                         ║
    ║     npx playwright install                                              ║
    ║                                                                         ║
    ║ <3 Playwright Team                                                      ║
    ╚═════════════════════════════════════════════════════════════════════════╝

    attachment #1: trace (application/zip) ─────────────────────────────────────────────────────────
    ..\..\test-results\client-requests-Client-Req-3ef2a-ould-validate-field-lengths-Desktop-Chrome\trace.zip
    Usage:

        npx playwright show-trace ..\..\test-results\client-requests-Client-Req-3ef2a-ould-validate-field-lengths-Desktop-Chrome\trace.zip

    ────────────────────────────────────────────────────────────────────────────────────────────────
]]>
</failure>
<system-out>
<![CDATA[
[[ATTACHMENT|client-requests-Client-Req-3ef2a-ould-validate-field-lengths-Desktop-Chrome\trace.zip]]
]]>
</system-out>
</testcase>
<testcase name="Client Requests › should create post successfully" classname="client-requests.spec.ts" time="0.041">
<failure message="client-requests.spec.ts:61:3 should create post successfully" type="FAILURE">
<![CDATA[  [Desktop Chrome] › client-requests.spec.ts:61:3 › Client Requests › should create post successfully 

    Error: browserType.launch: Executable doesn't exist at C:\Users\tomto\AppData\Local\ms-playwright\chromium_headless_shell-1194\chrome-win\headless_shell.exe
    ╔═════════════════════════════════════════════════════════════════════════╗
    ║ Looks like Playwright Test or Playwright was just installed or updated. ║
    ║ Please run the following command to download new browsers:              ║
    ║                                                                         ║
    ║     npx playwright install                                              ║
    ║                                                                         ║
    ║ <3 Playwright Team                                                      ║
    ╚═════════════════════════════════════════════════════════════════════════╝

    attachment #1: trace (application/zip) ─────────────────────────────────────────────────────────
    ..\..\test-results\client-requests-Client-Req-6ae31-ld-create-post-successfully-Desktop-Chrome\trace.zip
    Usage:

        npx playwright show-trace ..\..\test-results\client-requests-Client-Req-6ae31-ld-create-post-successfully-Desktop-Chrome\trace.zip

    ────────────────────────────────────────────────────────────────────────────────────────────────
]]>
</failure>
<system-out>
<![CDATA[
[[ATTACHMENT|client-requests-Client-Req-6ae31-ld-create-post-successfully-Desktop-Chrome\trace.zip]]
]]>
</system-out>
</testcase>
<testcase name="Client Requests › should prevent double submission" classname="client-requests.spec.ts" time="0.025">
<failure message="client-requests.spec.ts:86:3 should prevent double submission" type="FAILURE">
<![CDATA[  [Desktop Chrome] › client-requests.spec.ts:86:3 › Client Requests › should prevent double submission 

    Error: browserType.launch: Executable doesn't exist at C:\Users\tomto\AppData\Local\ms-playwright\chromium_headless_shell-1194\chrome-win\headless_shell.exe
    ╔═════════════════════════════════════════════════════════════════════════╗
    ║ Looks like Playwright Test or Playwright was just installed or updated. ║
    ║ Please run the following command to download new browsers:              ║
    ║                                                                         ║
    ║     npx playwright install                                              ║
    ║                                                                         ║
    ║ <3 Playwright Team                                                      ║
    ╚═════════════════════════════════════════════════════════════════════════╝

    attachment #1: trace (application/zip) ─────────────────────────────────────────────────────────
    ..\..\test-results\client-requests-Client-Req-cae4c-d-prevent-double-submission-Desktop-Chrome\trace.zip
    Usage:

        npx playwright show-trace ..\..\test-results\client-requests-Client-Req-cae4c-d-prevent-double-submission-Desktop-Chrome\trace.zip

    ────────────────────────────────────────────────────────────────────────────────────────────────
]]>
</failure>
<system-out>
<![CDATA[
[[ATTACHMENT|client-requests-Client-Req-cae4c-d-prevent-double-submission-Desktop-Chrome\trace.zip]]
]]>
</system-out>
</testcase>
<testcase name="Client Requests › should edit existing post" classname="client-requests.spec.ts" time="0.071">
<failure message="client-requests.spec.ts:120:3 should edit existing post" type="FAILURE">
<![CDATA[  [Desktop Chrome] › client-requests.spec.ts:120:3 › Client Requests › should edit existing post ───

    Error: browserType.launch: Executable doesn't exist at C:\Users\tomto\AppData\Local\ms-playwright\chromium_headless_shell-1194\chrome-win\headless_shell.exe
    ╔═════════════════════════════════════════════════════════════════════════╗
    ║ Looks like Playwright Test or Playwright was just installed or updated. ║
    ║ Please run the following command to download new browsers:              ║
    ║                                                                         ║
    ║     npx playwright install                                              ║
    ║                                                                         ║
    ║ <3 Playwright Team                                                      ║
    ╚═════════════════════════════════════════════════════════════════════════╝

    attachment #1: trace (application/zip) ─────────────────────────────────────────────────────────
    ..\..\test-results\client-requests-Client-Requests-should-edit-existing-post-Desktop-Chrome\trace.zip
    Usage:

        npx playwright show-trace ..\..\test-results\client-requests-Client-Requests-should-edit-existing-post-Desktop-Chrome\trace.zip

    ────────────────────────────────────────────────────────────────────────────────────────────────
]]>
</failure>
<system-out>
<![CDATA[
[[ATTACHMENT|client-requests-Client-Requests-should-edit-existing-post-Desktop-Chrome\trace.zip]]
]]>
</system-out>
</testcase>
<testcase name="Client Requests › should delete post with confirmation" classname="client-requests.spec.ts" time="0.037">
<failure message="client-requests.spec.ts:143:3 should delete post with confirmation" type="FAILURE">
<![CDATA[  [Desktop Chrome] › client-requests.spec.ts:143:3 › Client Requests › should delete post with confirmation 

    Error: browserType.launch: Executable doesn't exist at C:\Users\tomto\AppData\Local\ms-playwright\chromium_headless_shell-1194\chrome-win\headless_shell.exe
    ╔═════════════════════════════════════════════════════════════════════════╗
    ║ Looks like Playwright Test or Playwright was just installed or updated. ║
    ║ Please run the following command to download new browsers:              ║
    ║                                                                         ║
    ║     npx playwright install                                              ║
    ║                                                                         ║
    ║ <3 Playwright Team                                                      ║
    ╚═════════════════════════════════════════════════════════════════════════╝

    attachment #1: trace (application/zip) ─────────────────────────────────────────────────────────
    ..\..\test-results\client-requests-Client-Req-a7230-lete-post-with-confirmation-Desktop-Chrome\trace.zip
    Usage:

        npx playwright show-trace ..\..\test-results\client-requests-Client-Req-a7230-lete-post-with-confirmation-Desktop-Chrome\trace.zip

    ────────────────────────────────────────────────────────────────────────────────────────────────
]]>
</failure>
<system-out>
<![CDATA[
[[ATTACHMENT|client-requests-Client-Req-a7230-lete-post-with-confirmation-Desktop-Chrome\trace.zip]]
]]>
</system-out>
</testcase>
<testcase name="Client Requests › should sanitize inputs" classname="client-requests.spec.ts" time="0.056">
<failure message="client-requests.spec.ts:160:3 should sanitize inputs" type="FAILURE">
<![CDATA[  [Desktop Chrome] › client-requests.spec.ts:160:3 › Client Requests › should sanitize inputs ──────

    Error: browserType.launch: Executable doesn't exist at C:\Users\tomto\AppData\Local\ms-playwright\chromium_headless_shell-1194\chrome-win\headless_shell.exe
    ╔═════════════════════════════════════════════════════════════════════════╗
    ║ Looks like Playwright Test or Playwright was just installed or updated. ║
    ║ Please run the following command to download new browsers:              ║
    ║                                                                         ║
    ║     npx playwright install                                              ║
    ║                                                                         ║
    ║ <3 Playwright Team                                                      ║
    ╚═════════════════════════════════════════════════════════════════════════╝

    attachment #1: trace (application/zip) ─────────────────────────────────────────────────────────
    ..\..\test-results\client-requests-Client-Requests-should-sanitize-inputs-Desktop-Chrome\trace.zip
    Usage:

        npx playwright show-trace ..\..\test-results\client-requests-Client-Requests-should-sanitize-inputs-Desktop-Chrome\trace.zip

    ────────────────────────────────────────────────────────────────────────────────────────────────
]]>
</failure>
<system-out>
<![CDATA[
[[ATTACHMENT|client-requests-Client-Requests-should-sanitize-inputs-Desktop-Chrome\trace.zip]]
]]>
</system-out>
</testcase>
</testsuite>
<testsuite name="complete-test-report.spec.ts" timestamp="2025-11-02T17:37:24.527Z" hostname="Desktop Chrome" tests="24" failures="24" skipped="0" time="0.502" errors="0">
<testcase name="Complete Application Test Suite › Authentication Flow › should complete full signup and login flow" classname="complete-test-report.spec.ts" time="0.032">
<failure message="complete-test-report.spec.ts:10:5 should complete full signup and login flow" type="FAILURE">
<![CDATA[  [Desktop Chrome] › complete-test-report.spec.ts:10:5 › Complete Application Test Suite › Authentication Flow › should complete full signup and login flow 

    Error: browserType.launch: Executable doesn't exist at C:\Users\tomto\AppData\Local\ms-playwright\chromium_headless_shell-1194\chrome-win\headless_shell.exe
    ╔═════════════════════════════════════════════════════════════════════════╗
    ║ Looks like Playwright Test or Playwright was just installed or updated. ║
    ║ Please run the following command to download new browsers:              ║
    ║                                                                         ║
    ║     npx playwright install                                              ║
    ║                                                                         ║
    ║ <3 Playwright Team                                                      ║
    ╚═════════════════════════════════════════════════════════════════════════╝

    attachment #1: trace (application/zip) ─────────────────────────────────────────────────────────
    ..\..\test-results\complete-test-report-Compl-8f4e6--full-signup-and-login-flow-Desktop-Chrome\trace.zip
    Usage:

        npx playwright show-trace ..\..\test-results\complete-test-report-Compl-8f4e6--full-signup-and-login-flow-Desktop-Chrome\trace.zip

    ────────────────────────────────────────────────────────────────────────────────────────────────
]]>
</failure>
<system-out>
<![CDATA[
[[ATTACHMENT|complete-test-report-Compl-8f4e6--full-signup-and-login-flow-Desktop-Chrome\trace.zip]]
]]>
</system-out>
</testcase>
<testcase name="Complete Application Test Suite › Authentication Flow › should validate email format" classname="complete-test-report.spec.ts" time="0.01">
<failure message="complete-test-report.spec.ts:25:5 should validate email format" type="FAILURE">
<![CDATA[  [Desktop Chrome] › complete-test-report.spec.ts:25:5 › Complete Application Test Suite › Authentication Flow › should validate email format 

    Error: browserType.launch: Executable doesn't exist at C:\Users\tomto\AppData\Local\ms-playwright\chromium_headless_shell-1194\chrome-win\headless_shell.exe
    ╔═════════════════════════════════════════════════════════════════════════╗
    ║ Looks like Playwright Test or Playwright was just installed or updated. ║
    ║ Please run the following command to download new browsers:              ║
    ║                                                                         ║
    ║     npx playwright install                                              ║
    ║                                                                         ║
    ║ <3 Playwright Team                                                      ║
    ╚═════════════════════════════════════════════════════════════════════════╝

    attachment #1: trace (application/zip) ─────────────────────────────────────────────────────────
    ..\..\test-results\complete-test-report-Compl-6f96c-hould-validate-email-format-Desktop-Chrome\trace.zip
    Usage:

        npx playwright show-trace ..\..\test-results\complete-test-report-Compl-6f96c-hould-validate-email-format-Desktop-Chrome\trace.zip

    ────────────────────────────────────────────────────────────────────────────────────────────────
]]>
</failure>
<system-out>
<![CDATA[
[[ATTACHMENT|complete-test-report-Compl-6f96c-hould-validate-email-format-Desktop-Chrome\trace.zip]]
]]>
</system-out>
</testcase>
<testcase name="Complete Application Test Suite › Authentication Flow › should prevent empty form submission" classname="complete-test-report.spec.ts" time="0.033">
<failure message="complete-test-report.spec.ts:38:5 should prevent empty form submission" type="FAILURE">
<![CDATA[  [Desktop Chrome] › complete-test-report.spec.ts:38:5 › Complete Application Test Suite › Authentication Flow › should prevent empty form submission 

    Error: browserType.launch: Executable doesn't exist at C:\Users\tomto\AppData\Local\ms-playwright\chromium_headless_shell-1194\chrome-win\headless_shell.exe
    ╔═════════════════════════════════════════════════════════════════════════╗
    ║ Looks like Playwright Test or Playwright was just installed or updated. ║
    ║ Please run the following command to download new browsers:              ║
    ║                                                                         ║
    ║     npx playwright install                                              ║
    ║                                                                         ║
    ║ <3 Playwright Team                                                      ║
    ╚═════════════════════════════════════════════════════════════════════════╝

    attachment #1: trace (application/zip) ─────────────────────────────────────────────────────────
    ..\..\test-results\complete-test-report-Compl-8a987-event-empty-form-submission-Desktop-Chrome\trace.zip
    Usage:

        npx playwright show-trace ..\..\test-results\complete-test-report-Compl-8a987-event-empty-form-submission-Desktop-Chrome\trace.zip

    ────────────────────────────────────────────────────────────────────────────────────────────────
]]>
</failure>
<system-out>
<![CDATA[
[[ATTACHMENT|complete-test-report-Compl-8a987-event-empty-form-submission-Desktop-Chrome\trace.zip]]
]]>
</system-out>
</testcase>
<testcase name="Complete Application Test Suite › Navigation &amp; Page Loading › should load all public pages without errors" classname="complete-test-report.spec.ts" time="0.026">
<failure message="complete-test-report.spec.ts:51:5 should load all public pages without errors" type="FAILURE">
<![CDATA[  [Desktop Chrome] › complete-test-report.spec.ts:51:5 › Complete Application Test Suite › Navigation & Page Loading › should load all public pages without errors 

    Error: browserType.launch: Executable doesn't exist at C:\Users\tomto\AppData\Local\ms-playwright\chromium_headless_shell-1194\chrome-win\headless_shell.exe
    ╔═════════════════════════════════════════════════════════════════════════╗
    ║ Looks like Playwright Test or Playwright was just installed or updated. ║
    ║ Please run the following command to download new browsers:              ║
    ║                                                                         ║
    ║     npx playwright install                                              ║
    ║                                                                         ║
    ║ <3 Playwright Team                                                      ║
    ╚═════════════════════════════════════════════════════════════════════════╝

    attachment #1: trace (application/zip) ─────────────────────────────────────────────────────────
    ..\..\test-results\complete-test-report-Compl-9c952-public-pages-without-errors-Desktop-Chrome\trace.zip
    Usage:

        npx playwright show-trace ..\..\test-results\complete-test-report-Compl-9c952-public-pages-without-errors-Desktop-Chrome\trace.zip

    ────────────────────────────────────────────────────────────────────────────────────────────────
]]>
</failure>
<system-out>
<![CDATA[
[[ATTACHMENT|complete-test-report-Compl-9c952-public-pages-without-errors-Desktop-Chrome\trace.zip]]
]]>
</system-out>
</testcase>
<testcase name="Complete Application Test Suite › Navigation &amp; Page Loading › should have functional navigation links" classname="complete-test-report.spec.ts" time="0.056">
<failure message="complete-test-report.spec.ts:69:5 should have functional navigation links" type="FAILURE">
<![CDATA[  [Desktop Chrome] › complete-test-report.spec.ts:69:5 › Complete Application Test Suite › Navigation & Page Loading › should have functional navigation links 

    Error: browserType.launch: Executable doesn't exist at C:\Users\tomto\AppData\Local\ms-playwright\chromium_headless_shell-1194\chrome-win\headless_shell.exe
    ╔═════════════════════════════════════════════════════════════════════════╗
    ║ Looks like Playwright Test or Playwright was just installed or updated. ║
    ║ Please run the following command to download new browsers:              ║
    ║                                                                         ║
    ║     npx playwright install                                              ║
    ║                                                                         ║
    ║ <3 Playwright Team                                                      ║
    ╚═════════════════════════════════════════════════════════════════════════╝

    attachment #1: trace (application/zip) ─────────────────────────────────────────────────────────
    ..\..\test-results\complete-test-report-Compl-44498-functional-navigation-links-Desktop-Chrome\trace.zip
    Usage:

        npx playwright show-trace ..\..\test-results\complete-test-report-Compl-44498-functional-navigation-links-Desktop-Chrome\trace.zip

    ────────────────────────────────────────────────────────────────────────────────────────────────
]]>
</failure>
<system-out>
<![CDATA[
[[ATTACHMENT|complete-test-report-Compl-44498-functional-navigation-links-Desktop-Chrome\trace.zip]]
]]>
</system-out>
</testcase>
<testcase name="Complete Application Test Suite › Navigation &amp; Page Loading › should display offline indicator when network is down" classname="complete-test-report.spec.ts" time="0.056">
<failure message="complete-test-report.spec.ts:77:5 should display offline indicator when network is down" type="FAILURE">
<![CDATA[  [Desktop Chrome] › complete-test-report.spec.ts:77:5 › Complete Application Test Suite › Navigation & Page Loading › should display offline indicator when network is down 

    Error: browserType.launch: Executable doesn't exist at C:\Users\tomto\AppData\Local\ms-playwright\chromium_headless_shell-1194\chrome-win\headless_shell.exe
    ╔═════════════════════════════════════════════════════════════════════════╗
    ║ Looks like Playwright Test or Playwright was just installed or updated. ║
    ║ Please run the following command to download new browsers:              ║
    ║                                                                         ║
    ║     npx playwright install                                              ║
    ║                                                                         ║
    ║ <3 Playwright Team                                                      ║
    ╚═════════════════════════════════════════════════════════════════════════╝

    attachment #1: trace (application/zip) ─────────────────────────────────────────────────────────
    ..\..\test-results\complete-test-report-Compl-a3eb7-icator-when-network-is-down-Desktop-Chrome\trace.zip
    Usage:

        npx playwright show-trace ..\..\test-results\complete-test-report-Compl-a3eb7-icator-when-network-is-down-Desktop-Chrome\trace.zip

    ────────────────────────────────────────────────────────────────────────────────────────────────
]]>
</failure>
<system-out>
<![CDATA[
[[ATTACHMENT|complete-test-report-Compl-a3eb7-icator-when-network-is-down-Desktop-Chrome\trace.zip]]
]]>
</system-out>
</testcase>
<testcase name="Complete Application Test Suite › Performance Checks › should load homepage within performance budget" classname="complete-test-report.spec.ts" time="0.011">
<failure message="complete-test-report.spec.ts:93:5 should load homepage within performance budget" type="FAILURE">
<![CDATA[  [Desktop Chrome] › complete-test-report.spec.ts:93:5 › Complete Application Test Suite › Performance Checks › should load homepage within performance budget 

    Error: browserType.launch: Executable doesn't exist at C:\Users\tomto\AppData\Local\ms-playwright\chromium_headless_shell-1194\chrome-win\headless_shell.exe
    ╔═════════════════════════════════════════════════════════════════════════╗
    ║ Looks like Playwright Test or Playwright was just installed or updated. ║
    ║ Please run the following command to download new browsers:              ║
    ║                                                                         ║
    ║     npx playwright install                                              ║
    ║                                                                         ║
    ║ <3 Playwright Team                                                      ║
    ╚═════════════════════════════════════════════════════════════════════════╝

    attachment #1: trace (application/zip) ─────────────────────────────────────────────────────────
    ..\..\test-results\complete-test-report-Compl-da258-e-within-performance-budget-Desktop-Chrome\trace.zip
    Usage:

        npx playwright show-trace ..\..\test-results\complete-test-report-Compl-da258-e-within-performance-budget-Desktop-Chrome\trace.zip

    ────────────────────────────────────────────────────────────────────────────────────────────────
]]>
</failure>
<system-out>
<![CDATA[
[[ATTACHMENT|complete-test-report-Compl-da258-e-within-performance-budget-Desktop-Chrome\trace.zip]]
]]>
</system-out>
</testcase>
<testcase name="Complete Application Test Suite › Performance Checks › should not have layout shift on load" classname="complete-test-report.spec.ts" time="0.012">
<failure message="complete-test-report.spec.ts:103:5 should not have layout shift on load" type="FAILURE">
<![CDATA[  [Desktop Chrome] › complete-test-report.spec.ts:103:5 › Complete Application Test Suite › Performance Checks › should not have layout shift on load 

    Error: browserType.launch: Executable doesn't exist at C:\Users\tomto\AppData\Local\ms-playwright\chromium_headless_shell-1194\chrome-win\headless_shell.exe
    ╔═════════════════════════════════════════════════════════════════════════╗
    ║ Looks like Playwright Test or Playwright was just installed or updated. ║
    ║ Please run the following command to download new browsers:              ║
    ║                                                                         ║
    ║     npx playwright install                                              ║
    ║                                                                         ║
    ║ <3 Playwright Team                                                      ║
    ╚═════════════════════════════════════════════════════════════════════════╝

    attachment #1: trace (application/zip) ─────────────────────────────────────────────────────────
    ..\..\test-results\complete-test-report-Compl-7fa3d-t-have-layout-shift-on-load-Desktop-Chrome\trace.zip
    Usage:

        npx playwright show-trace ..\..\test-results\complete-test-report-Compl-7fa3d-t-have-layout-shift-on-load-Desktop-Chrome\trace.zip

    ────────────────────────────────────────────────────────────────────────────────────────────────
]]>
</failure>
<system-out>
<![CDATA[
[[ATTACHMENT|complete-test-report-Compl-7fa3d-t-have-layout-shift-on-load-Desktop-Chrome\trace.zip]]
]]>
</system-out>
</testcase>
<testcase name="Complete Application Test Suite › Accessibility Checks › should have proper heading hierarchy" classname="complete-test-report.spec.ts" time="0.063">
<failure message="complete-test-report.spec.ts:116:5 should have proper heading hierarchy" type="FAILURE">
<![CDATA[  [Desktop Chrome] › complete-test-report.spec.ts:116:5 › Complete Application Test Suite › Accessibility Checks › should have proper heading hierarchy 

    Error: browserType.launch: Executable doesn't exist at C:\Users\tomto\AppData\Local\ms-playwright\chromium_headless_shell-1194\chrome-win\headless_shell.exe
    ╔═════════════════════════════════════════════════════════════════════════╗
    ║ Looks like Playwright Test or Playwright was just installed or updated. ║
    ║ Please run the following command to download new browsers:              ║
    ║                                                                         ║
    ║     npx playwright install                                              ║
    ║                                                                         ║
    ║ <3 Playwright Team                                                      ║
    ╚═════════════════════════════════════════════════════════════════════════╝

    attachment #1: trace (application/zip) ─────────────────────────────────────────────────────────
    ..\..\test-results\complete-test-report-Compl-3366f-ve-proper-heading-hierarchy-Desktop-Chrome\trace.zip
    Usage:

        npx playwright show-trace ..\..\test-results\complete-test-report-Compl-3366f-ve-proper-heading-hierarchy-Desktop-Chrome\trace.zip

    ────────────────────────────────────────────────────────────────────────────────────────────────
]]>
</failure>
<system-out>
<![CDATA[
[[ATTACHMENT|complete-test-report-Compl-3366f-ve-proper-heading-hierarchy-Desktop-Chrome\trace.zip]]
]]>
</system-out>
</testcase>
<testcase name="Complete Application Test Suite › Accessibility Checks › should have accessible forms" classname="complete-test-report.spec.ts" time="0.026">
<failure message="complete-test-report.spec.ts:124:5 should have accessible forms" type="FAILURE">
<![CDATA[  [Desktop Chrome] › complete-test-report.spec.ts:124:5 › Complete Application Test Suite › Accessibility Checks › should have accessible forms 

    Error: browserType.launch: Executable doesn't exist at C:\Users\tomto\AppData\Local\ms-playwright\chromium_headless_shell-1194\chrome-win\headless_shell.exe
    ╔═════════════════════════════════════════════════════════════════════════╗
    ║ Looks like Playwright Test or Playwright was just installed or updated. ║
    ║ Please run the following command to download new browsers:              ║
    ║                                                                         ║
    ║     npx playwright install                                              ║
    ║                                                                         ║
    ║ <3 Playwright Team                                                      ║
    ╚═════════════════════════════════════════════════════════════════════════╝

    attachment #1: trace (application/zip) ─────────────────────────────────────────────────────────
    ..\..\test-results\complete-test-report-Compl-2c2b7-hould-have-accessible-forms-Desktop-Chrome\trace.zip
    Usage:

        npx playwright show-trace ..\..\test-results\complete-test-report-Compl-2c2b7-hould-have-accessible-forms-Desktop-Chrome\trace.zip

    ────────────────────────────────────────────────────────────────────────────────────────────────
]]>
</failure>
<system-out>
<![CDATA[
[[ATTACHMENT|complete-test-report-Compl-2c2b7-hould-have-accessible-forms-Desktop-Chrome\trace.zip]]
]]>
</system-out>
</testcase>
<testcase name="Complete Application Test Suite › Accessibility Checks › should support keyboard navigation" classname="complete-test-report.spec.ts" time="0.015">
[...]

    ────────────────────────────────────────────────────────────────────────────────────────────────
]]>
</failure>
<system-out>
<![CDATA[
[[ATTACHMENT|ui-consistency-Design-Syst-32c4f-istent-size-within-sections-Desktop-Chrome\trace.zip]]
]]>
</system-out>
</testcase>
<testcase name="Design System Consistency › border radius should be consistent" classname="ui-consistency.spec.ts" time="0.01">
<failure message="ui-consistency.spec.ts:153:3 border radius should be consistent" type="FAILURE">
<![CDATA[  [Desktop Chrome] › ui-consistency.spec.ts:153:3 › Design System Consistency › border radius should be consistent 

    Error: browserType.launch: Executable doesn't exist at C:\Users\tomto\AppData\Local\ms-playwright\chromium_headless_shell-1194\chrome-win\headless_shell.exe
    ╔═════════════════════════════════════════════════════════════════════════╗
    ║ Looks like Playwright Test or Playwright was just installed or updated. ║
    ║ Please run the following command to download new browsers:              ║
    ║                                                                         ║
    ║     npx playwright install                                              ║
    ║                                                                         ║
    ║ <3 Playwright Team                                                      ║
    ╚═════════════════════════════════════════════════════════════════════════╝

    attachment #1: trace (application/zip) ─────────────────────────────────────────────────────────
    ..\..\test-results\ui-consistency-Design-Syst-83180-radius-should-be-consistent-Desktop-Chrome\trace.zip
    Usage:

        npx playwright show-trace ..\..\test-results\ui-consistency-Design-Syst-83180-radius-should-be-consistent-Desktop-Chrome\trace.zip

    ────────────────────────────────────────────────────────────────────────────────────────────────
]]>
</failure>
<system-out>
<![CDATA[
[[ATTACHMENT|ui-consistency-Design-Syst-83180-radius-should-be-consistent-Desktop-Chrome\trace.zip]]
]]>
</system-out>
</testcase>
<testcase name="Visual Feedback Consistency › hover states should be visible" classname="ui-consistency.spec.ts" time="0.011">
<failure message="ui-consistency.spec.ts:179:3 hover states should be visible" type="FAILURE">
<![CDATA[  [Desktop Chrome] › ui-consistency.spec.ts:179:3 › Visual Feedback Consistency › hover states should be visible 

    Error: browserType.launch: Executable doesn't exist at C:\Users\tomto\AppData\Local\ms-playwright\chromium_headless_shell-1194\chrome-win\headless_shell.exe
    ╔═════════════════════════════════════════════════════════════════════════╗
    ║ Looks like Playwright Test or Playwright was just installed or updated. ║
    ║ Please run the following command to download new browsers:              ║
    ║                                                                         ║
    ║     npx playwright install                                              ║
    ║                                                                         ║
    ║ <3 Playwright Team                                                      ║
    ╚═════════════════════════════════════════════════════════════════════════╝

    attachment #1: trace (application/zip) ─────────────────────────────────────────────────────────
    ..\..\test-results\ui-consistency-Visual-Feed-cb99d-er-states-should-be-visible-Desktop-Chrome\trace.zip
    Usage:

        npx playwright show-trace ..\..\test-results\ui-consistency-Visual-Feed-cb99d-er-states-should-be-visible-Desktop-Chrome\trace.zip

    ────────────────────────────────────────────────────────────────────────────────────────────────
]]>
</failure>
<system-out>
<![CDATA[
[[ATTACHMENT|ui-consistency-Visual-Feed-cb99d-er-states-should-be-visible-Desktop-Chrome\trace.zip]]
]]>
</system-out>
</testcase>
<testcase name="Visual Feedback Consistency › focus states should be visible" classname="ui-consistency.spec.ts" time="0.011">
<failure message="ui-consistency.spec.ts:223:3 focus states should be visible" type="FAILURE">
<![CDATA[  [Desktop Chrome] › ui-consistency.spec.ts:223:3 › Visual Feedback Consistency › focus states should be visible 

    Error: browserType.launch: Executable doesn't exist at C:\Users\tomto\AppData\Local\ms-playwright\chromium_headless_shell-1194\chrome-win\headless_shell.exe
    ╔═════════════════════════════════════════════════════════════════════════╗
    ║ Looks like Playwright Test or Playwright was just installed or updated. ║
    ║ Please run the following command to download new browsers:              ║
    ║                                                                         ║
    ║     npx playwright install                                              ║
    ║                                                                         ║
    ║ <3 Playwright Team                                                      ║
    ╚═════════════════════════════════════════════════════════════════════════╝

    attachment #1: trace (application/zip) ─────────────────────────────────────────────────────────
    ..\..\test-results\ui-consistency-Visual-Feed-98069-us-states-should-be-visible-Desktop-Chrome\trace.zip
    Usage:

        npx playwright show-trace ..\..\test-results\ui-consistency-Visual-Feed-98069-us-states-should-be-visible-Desktop-Chrome\trace.zip

    ────────────────────────────────────────────────────────────────────────────────────────────────
]]>
</failure>
<system-out>
<![CDATA[
[[ATTACHMENT|ui-consistency-Visual-Feed-98069-us-states-should-be-visible-Desktop-Chrome\trace.zip]]
]]>
</system-out>
</testcase>
<testcase name="Visual Feedback Consistency › disabled states should be visually distinct" classname="ui-consistency.spec.ts" time="0.007">
<failure message="ui-consistency.spec.ts:245:3 disabled states should be visually distinct" type="FAILURE">
<![CDATA[  [Desktop Chrome] › ui-consistency.spec.ts:245:3 › Visual Feedback Consistency › disabled states should be visually distinct 

    Error: browserType.launch: Executable doesn't exist at C:\Users\tomto\AppData\Local\ms-playwright\chromium_headless_shell-1194\chrome-win\headless_shell.exe
    ╔═════════════════════════════════════════════════════════════════════════╗
    ║ Looks like Playwright Test or Playwright was just installed or updated. ║
    ║ Please run the following command to download new browsers:              ║
    ║                                                                         ║
    ║     npx playwright install                                              ║
    ║                                                                         ║
    ║ <3 Playwright Team                                                      ║
    ╚═════════════════════════════════════════════════════════════════════════╝

    attachment #1: trace (application/zip) ─────────────────────────────────────────────────────────
    ..\..\test-results\ui-consistency-Visual-Feed-ecfc8-should-be-visually-distinct-Desktop-Chrome\trace.zip
    Usage:

        npx playwright show-trace ..\..\test-results\ui-consistency-Visual-Feed-ecfc8-should-be-visually-distinct-Desktop-Chrome\trace.zip

    ────────────────────────────────────────────────────────────────────────────────────────────────
]]>
</failure>
<system-out>
<![CDATA[
[[ATTACHMENT|ui-consistency-Visual-Feed-ecfc8-should-be-visually-distinct-Desktop-Chrome\trace.zip]]
]]>
</system-out>
</testcase>
<testcase name="Visual Feedback Consistency › loading states should be animated" classname="ui-consistency.spec.ts" time="0.009">
<failure message="ui-consistency.spec.ts:261:3 loading states should be animated" type="FAILURE">
<![CDATA[  [Desktop Chrome] › ui-consistency.spec.ts:261:3 › Visual Feedback Consistency › loading states should be animated 

    Error: browserType.launch: Executable doesn't exist at C:\Users\tomto\AppData\Local\ms-playwright\chromium_headless_shell-1194\chrome-win\headless_shell.exe
    ╔═════════════════════════════════════════════════════════════════════════╗
    ║ Looks like Playwright Test or Playwright was just installed or updated. ║
    ║ Please run the following command to download new browsers:              ║
    ║                                                                         ║
    ║     npx playwright install                                              ║
    ║                                                                         ║
    ║ <3 Playwright Team                                                      ║
    ╚═════════════════════════════════════════════════════════════════════════╝

    attachment #1: trace (application/zip) ─────────────────────────────────────────────────────────
    ..\..\test-results\ui-consistency-Visual-Feed-ec884-g-states-should-be-animated-Desktop-Chrome\trace.zip
    Usage:

        npx playwright show-trace ..\..\test-results\ui-consistency-Visual-Feed-ec884-g-states-should-be-animated-Desktop-Chrome\trace.zip

    ────────────────────────────────────────────────────────────────────────────────────────────────
]]>
</failure>
<system-out>
<![CDATA[
[[ATTACHMENT|ui-consistency-Visual-Feed-ec884-g-states-should-be-animated-Desktop-Chrome\trace.zip]]
]]>
</system-out>
</testcase>
<testcase name="Dark/Light Mode Consistency › should support theme switching" classname="ui-consistency.spec.ts" time="0.009">
<failure message="ui-consistency.spec.ts:284:3 should support theme switching" type="FAILURE">
<![CDATA[  [Desktop Chrome] › ui-consistency.spec.ts:284:3 › Dark/Light Mode Consistency › should support theme switching 

    Error: browserType.launch: Executable doesn't exist at C:\Users\tomto\AppData\Local\ms-playwright\chromium_headless_shell-1194\chrome-win\headless_shell.exe
    ╔═════════════════════════════════════════════════════════════════════════╗
    ║ Looks like Playwright Test or Playwright was just installed or updated. ║
    ║ Please run the following command to download new browsers:              ║
    ║                                                                         ║
    ║     npx playwright install                                              ║
    ║                                                                         ║
    ║ <3 Playwright Team                                                      ║
    ╚═════════════════════════════════════════════════════════════════════════╝

    attachment #1: trace (application/zip) ─────────────────────────────────────────────────────────
    ..\..\test-results\ui-consistency-Dark-Light--9b7c2-uld-support-theme-switching-Desktop-Chrome\trace.zip
    Usage:

        npx playwright show-trace ..\..\test-results\ui-consistency-Dark-Light--9b7c2-uld-support-theme-switching-Desktop-Chrome\trace.zip

    ────────────────────────────────────────────────────────────────────────────────────────────────
]]>
</failure>
<system-out>
<![CDATA[
[[ATTACHMENT|ui-consistency-Dark-Light--9b7c2-uld-support-theme-switching-Desktop-Chrome\trace.zip]]
]]>
</system-out>
</testcase>
<testcase name="Dark/Light Mode Consistency › all text should be readable in both themes" classname="ui-consistency.spec.ts" time="0.053">
<failure message="ui-consistency.spec.ts:314:3 all text should be readable in both themes" type="FAILURE">
<![CDATA[  [Desktop Chrome] › ui-consistency.spec.ts:314:3 › Dark/Light Mode Consistency › all text should be readable in both themes 

    Error: browserType.launch: Executable doesn't exist at C:\Users\tomto\AppData\Local\ms-playwright\chromium_headless_shell-1194\chrome-win\headless_shell.exe
    ╔═════════════════════════════════════════════════════════════════════════╗
    ║ Looks like Playwright Test or Playwright was just installed or updated. ║
    ║ Please run the following command to download new browsers:              ║
    ║                                                                         ║
    ║     npx playwright install                                              ║
    ║                                                                         ║
    ║ <3 Playwright Team                                                      ║
    ╚═════════════════════════════════════════════════════════════════════════╝

    attachment #1: trace (application/zip) ─────────────────────────────────────────────────────────
    ..\..\test-results\ui-consistency-Dark-Light--9c5dc--be-readable-in-both-themes-Desktop-Chrome\trace.zip
    Usage:

        npx playwright show-trace ..\..\test-results\ui-consistency-Dark-Light--9c5dc--be-readable-in-both-themes-Desktop-Chrome\trace.zip

    ────────────────────────────────────────────────────────────────────────────────────────────────
]]>
</failure>
<system-out>
<![CDATA[
[[ATTACHMENT|ui-consistency-Dark-Light--9c5dc--be-readable-in-both-themes-Desktop-Chrome\trace.zip]]
]]>
</system-out>
</testcase>
<testcase name="Animation Consistency › page transitions should be smooth" classname="ui-consistency.spec.ts" time="0.013">
<failure message="ui-consistency.spec.ts:348:3 page transitions should be smooth" type="FAILURE">
<![CDATA[  [Desktop Chrome] › ui-consistency.spec.ts:348:3 › Animation Consistency › page transitions should be smooth 

    Error: browserType.launch: Executable doesn't exist at C:\Users\tomto\AppData\Local\ms-playwright\chromium_headless_shell-1194\chrome-win\headless_shell.exe
    ╔═════════════════════════════════════════════════════════════════════════╗
    ║ Looks like Playwright Test or Playwright was just installed or updated. ║
    ║ Please run the following command to download new browsers:              ║
    ║                                                                         ║
    ║     npx playwright install                                              ║
    ║                                                                         ║
    ║ <3 Playwright Team                                                      ║
    ╚═════════════════════════════════════════════════════════════════════════╝

    attachment #1: trace (application/zip) ─────────────────────────────────────────────────────────
    ..\..\test-results\ui-consistency-Animation-C-eda51-ransitions-should-be-smooth-Desktop-Chrome\trace.zip
    Usage:

        npx playwright show-trace ..\..\test-results\ui-consistency-Animation-C-eda51-ransitions-should-be-smooth-Desktop-Chrome\trace.zip

    ────────────────────────────────────────────────────────────────────────────────────────────────
]]>
</failure>
<system-out>
<![CDATA[
[[ATTACHMENT|ui-consistency-Animation-C-eda51-ransitions-should-be-smooth-Desktop-Chrome\trace.zip]]
]]>
</system-out>
</testcase>
<testcase name="Animation Consistency › modal animations should be consistent" classname="ui-consistency.spec.ts" time="0.009">
<failure message="ui-consistency.spec.ts:370:3 modal animations should be consistent" type="FAILURE">
<![CDATA[  [Desktop Chrome] › ui-consistency.spec.ts:370:3 › Animation Consistency › modal animations should be consistent 

    Error: browserType.launch: Executable doesn't exist at C:\Users\tomto\AppData\Local\ms-playwright\chromium_headless_shell-1194\chrome-win\headless_shell.exe
    ╔═════════════════════════════════════════════════════════════════════════╗
    ║ Looks like Playwright Test or Playwright was just installed or updated. ║
    ║ Please run the following command to download new browsers:              ║
    ║                                                                         ║
    ║     npx playwright install                                              ║
    ║                                                                         ║
    ║ <3 Playwright Team                                                      ║
    ╚═════════════════════════════════════════════════════════════════════════╝

    attachment #1: trace (application/zip) ─────────────────────────────────────────────────────────
    ..\..\test-results\ui-consistency-Animation-C-53f5a-ations-should-be-consistent-Desktop-Chrome\trace.zip
    Usage:

        npx playwright show-trace ..\..\test-results\ui-consistency-Animation-C-53f5a-ations-should-be-consistent-Desktop-Chrome\trace.zip

    ────────────────────────────────────────────────────────────────────────────────────────────────
]]>
</failure>
<system-out>
<![CDATA[
[[ATTACHMENT|ui-consistency-Animation-C-53f5a-ations-should-be-consistent-Desktop-Chrome\trace.zip]]
]]>
</system-out>
</testcase>
<testcase name="Responsive Typography › font sizes should scale with viewport" classname="ui-consistency.spec.ts" time="0.009">
<failure message="ui-consistency.spec.ts:389:3 font sizes should scale with viewport" type="FAILURE">
<![CDATA[  [Desktop Chrome] › ui-consistency.spec.ts:389:3 › Responsive Typography › font sizes should scale with viewport 

    Error: browserType.launch: Executable doesn't exist at C:\Users\tomto\AppData\Local\ms-playwright\chromium_headless_shell-1194\chrome-win\headless_shell.exe
    ╔═════════════════════════════════════════════════════════════════════════╗
    ║ Looks like Playwright Test or Playwright was just installed or updated. ║
    ║ Please run the following command to download new browsers:              ║
    ║                                                                         ║
    ║     npx playwright install                                              ║
    ║                                                                         ║
    ║ <3 Playwright Team                                                      ║
    ╚═════════════════════════════════════════════════════════════════════════╝

    attachment #1: trace (application/zip) ─────────────────────────────────────────────────────────
    ..\..\test-results\ui-consistency-Responsive--6f2e0--should-scale-with-viewport-Desktop-Chrome\trace.zip
    Usage:

        npx playwright show-trace ..\..\test-results\ui-consistency-Responsive--6f2e0--should-scale-with-viewport-Desktop-Chrome\trace.zip

    ────────────────────────────────────────────────────────────────────────────────────────────────
]]>
</failure>
<system-out>
<![CDATA[
[[ATTACHMENT|ui-consistency-Responsive--6f2e0--should-scale-with-viewport-Desktop-Chrome\trace.zip]]
]]>
</system-out>
</testcase>
<testcase name="Responsive Typography › text should not overflow containers" classname="ui-consistency.spec.ts" time="0.009">
<failure message="ui-consistency.spec.ts:411:3 text should not overflow containers" type="FAILURE">
<![CDATA[  [Desktop Chrome] › ui-consistency.spec.ts:411:3 › Responsive Typography › text should not overflow containers 

    Error: browserType.launch: Executable doesn't exist at C:\Users\tomto\AppData\Local\ms-playwright\chromium_headless_shell-1194\chrome-win\headless_shell.exe
    ╔═════════════════════════════════════════════════════════════════════════╗
    ║ Looks like Playwright Test or Playwright was just installed or updated. ║
    ║ Please run the following command to download new browsers:              ║
    ║                                                                         ║
    ║     npx playwright install                                              ║
    ║                                                                         ║
    ║ <3 Playwright Team                                                      ║
    ╚═════════════════════════════════════════════════════════════════════════╝

    attachment #1: trace (application/zip) ─────────────────────────────────────────────────────────
    ..\..\test-results\ui-consistency-Responsive--92e1e-uld-not-overflow-containers-Desktop-Chrome\trace.zip
    Usage:

        npx playwright show-trace ..\..\test-results\ui-consistency-Responsive--92e1e-uld-not-overflow-containers-Desktop-Chrome\trace.zip

    ────────────────────────────────────────────────────────────────────────────────────────────────
]]>
</failure>
<system-out>
<![CDATA[
[[ATTACHMENT|ui-consistency-Responsive--92e1e-uld-not-overflow-containers-Desktop-Chrome\trace.zip]]
]]>
</system-out>
</testcase>
</testsuite>
</testsuites>